<?xml version="1.0" encoding="UTF-8"?>
<!-- Generated by org.testng.reporters.JUnitReportReporter -->
<testsuite hostname="DESKTOP-IDB0LR4" name="com.slm.loginMail.LoginTest" tests="1" failures="0" timestamp="6 Oct 2018 00:50:48 GMT" time="3.357" errors="0">
  <testcase name="sampleTest" time="3.357" classname="com.slm.loginMail.LoginTest"/>
</testsuite> <!-- com.slm.loginMail.LoginTest -->
