<?xml version="1.0" encoding="UTF-8"?>
<!-- Generated by org.testng.reporters.JUnitReportReporter -->
<testsuite hostname="DESKTOP-IDB0LR4" name="com.slm.loginMail.ChkParam" tests="1" failures="0" timestamp="6 Oct 2018 00:50:48 GMT" time="0.000" errors="0">
  <testcase name="parameterizedTest" time="0.000" classname="com.slm.loginMail.ChkParam"/>
</testsuite> <!-- com.slm.loginMail.ChkParam -->
